[debug] [2020-09-10T10:46:14.699Z] ----------------------------------------------------------------------
[debug] [2020-09-10T10:46:14.701Z] Command:       /usr/bin/node /usr/local/bin/firebase init
[debug] [2020-09-10T10:46:14.702Z] CLI Version:   8.10.0
[debug] [2020-09-10T10:46:14.702Z] Platform:      linux
[debug] [2020-09-10T10:46:14.702Z] Node Version:  v10.15.2
[debug] [2020-09-10T10:46:14.702Z] Time:          Thu Sep 10 2020 11:46:14 GMT+0100 (British Summer Time)
[debug] [2020-09-10T10:46:14.702Z] ----------------------------------------------------------------------
[debug] [2020-09-10T10:46:14.702Z] 
[debug] [2020-09-10T10:46:14.707Z] > command requires scopes: ["email","openid","https://www.googleapis.com/auth/cloudplatformprojects.readonly","https://www.googleapis.com/auth/firebase","https://www.googleapis.com/auth/cloud-platform"]
[debug] [2020-09-10T10:46:14.707Z] > authorizing via signed-in user
[info] 
     ######## #### ########  ######## ########     ###     ######  ########
     ##        ##  ##     ## ##       ##     ##  ##   ##  ##       ##
     ######    ##  ########  ######   ########  #########  ######  ######
     ##        ##  ##    ##  ##       ##     ## ##     ##       ## ##
     ##       #### ##     ## ######## ########  ##     ##  ######  ########

You're about to initialize a Firebase project in this directory:

  /home/coder/amazon-clone

[info] 
=== Project Setup
[info] 
[info] First, let's associate this project directory with a Firebase project.
[info] You can create multiple project aliases by running firebase use --add, 
[info] but for now we'll just set up a default project.
[info] 
[debug] [2020-09-10T10:56:00.850Z] ----------------------------------------------------------------------
[debug] [2020-09-10T10:56:00.852Z] Command:       /usr/bin/node /usr/local/bin/firebase init
[debug] [2020-09-10T10:56:00.852Z] CLI Version:   8.10.0
[debug] [2020-09-10T10:56:00.853Z] Platform:      linux
[debug] [2020-09-10T10:56:00.853Z] Node Version:  v10.15.2
[debug] [2020-09-10T10:56:00.853Z] Time:          Thu Sep 10 2020 11:56:00 GMT+0100 (British Summer Time)
[debug] [2020-09-10T10:56:00.853Z] ----------------------------------------------------------------------
[debug] [2020-09-10T10:56:00.853Z] 
[debug] [2020-09-10T10:56:00.858Z] > command requires scopes: ["email","openid","https://www.googleapis.com/auth/cloudplatformprojects.readonly","https://www.googleapis.com/auth/firebase","https://www.googleapis.com/auth/cloud-platform"]
[debug] [2020-09-10T10:56:00.858Z] > authorizing via signed-in user
[info] 
     ######## #### ########  ######## ########     ###     ######  ########
     ##        ##  ##     ## ##       ##     ##  ##   ##  ##       ##
     ######    ##  ########  ######   ########  #########  ######  ######
     ##        ##  ##    ##  ##       ##     ## ##     ##       ## ##
     ##       #### ##     ## ######## ########  ##     ##  ######  ########

You're about to initialize a Firebase project in this directory:

  /home/coder/amazon-clone

